0 info it worked if it ends with ok
1 verbose cli [ 'node', '/usr/local/bin/npm', 'update', '-g', 'bower' ]
2 info using npm@1.4.3
3 info using node@v0.10.26
4 verbose url raw bower
5 verbose url resolving [ 'https://registry.npmjs.org/', './bower' ]
6 verbose url resolved https://registry.npmjs.org/bower
7 info trying registry request attempt 1 at 17:46:21
8 verbose etag "7V2MM2V324NTFPQA4ION670TK"
9 http GET https://registry.npmjs.org/bower
10 info retry will retry, error on last attempt: Error: connect EMFILE
11 verbose url raw bower
12 verbose url resolving [ 'https://registry.npmjs.org/', './bower' ]
13 verbose url resolved https://registry.npmjs.org/bower
14 info trying registry request attempt 1 at 17:46:22
15 verbose etag "7V2MM2V324NTFPQA4ION670TK"
16 http GET https://registry.npmjs.org/bower
17 info retry will retry, error on last attempt: Error: getaddrinfo ENOTFOUND
18 info trying registry request attempt 2 at 17:46:32
19 verbose etag "7V2MM2V324NTFPQA4ION670TK"
20 http GET https://registry.npmjs.org/bower
21 info trying registry request attempt 2 at 17:46:32
22 verbose etag "7V2MM2V324NTFPQA4ION670TK"
23 http GET https://registry.npmjs.org/bower
24 http 200 https://registry.npmjs.org/bower
25 silly registry.get cb [ 200,
25 silly registry.get   { date: 'Fri, 28 Mar 2014 09:46:32 GMT',
25 silly registry.get     server: 'CouchDB/1.5.0 (Erlang OTP/R14B04)',
25 silly registry.get     etag: '"3MTUOPEG2TUCN9DDUY7ZHC448"',
25 silly registry.get     'content-type': 'application/json',
25 silly registry.get     via: '1.1 varnish',
25 silly registry.get     'cache-control': 'max-age=1',
25 silly registry.get     'content-length': '90081',
25 silly registry.get     'accept-ranges': 'bytes',
25 silly registry.get     age: '26',
25 silly registry.get     'x-served-by': 'cache-v44-ASH, cache-ty67-TYO',
25 silly registry.get     'x-cache': 'HIT, MISS',
25 silly registry.get     'x-cache-hits': '1, 0',
25 silly registry.get     'x-timer': 'S1395999900.119949102,VS0,VS-788,VE-630,VE91997',
25 silly registry.get     vary: 'Accept',
25 silly registry.get     'keep-alive': 'timeout=10, max=50',
25 silly registry.get     connection: 'Keep-Alive' } ]
26 http 200 https://registry.npmjs.org/bower
27 silly registry.get cb [ 200,
27 silly registry.get   { date: 'Fri, 28 Mar 2014 09:46:32 GMT',
27 silly registry.get     server: 'CouchDB/1.5.0 (Erlang OTP/R14B04)',
27 silly registry.get     etag: '"3MTUOPEG2TUCN9DDUY7ZHC448"',
27 silly registry.get     'content-type': 'application/json',
27 silly registry.get     via: '1.1 varnish',
27 silly registry.get     'cache-control': 'max-age=1',
27 silly registry.get     'content-length': '90081',
27 silly registry.get     'accept-ranges': 'bytes',
27 silly registry.get     age: '26',
27 silly registry.get     'x-served-by': 'cache-v44-ASH, cache-ty68-TYO',
27 silly registry.get     'x-cache': 'HIT, HIT',
27 silly registry.get     'x-cache-hits': '1, 1',
27 silly registry.get     'x-timer': 'S1395999992.121542931,VS0,VE0',
27 silly registry.get     vary: 'Accept',
27 silly registry.get     'keep-alive': 'timeout=10, max=50',
27 silly registry.get     connection: 'Keep-Alive' } ]
28 info outdated updating [ [ '/usr/local/lib', 'bower', '1.2.8', '1.3.1', '1.3.1', '*' ],
28 info outdated   [ '/usr/local/lib/node_modules/yeoman',
28 info outdated     'bower',
28 info outdated     '0.3.2',
28 info outdated     '0.3.2',
28 info outdated     '1.3.1',
28 info outdated     '~0.3.0' ] ]
29 verbose install where,what [ '/usr/local/lib', [ 'bower@1.3.1' ] ]
30 verbose install where,what [ '/usr/local/lib/node_modules/yeoman', [ 'bower@0.3.2' ] ]
31 verbose cache add [ 'bower@1.3.1', null ]
32 verbose cache add name=undefined spec="bower@1.3.1" args=["bower@1.3.1",null]
33 verbose parsed url { protocol: null,
33 verbose parsed url   slashes: null,
33 verbose parsed url   auth: null,
33 verbose parsed url   host: null,
33 verbose parsed url   port: null,
33 verbose parsed url   hostname: null,
33 verbose parsed url   hash: null,
33 verbose parsed url   search: null,
33 verbose parsed url   query: null,
33 verbose parsed url   pathname: 'bower@1.3.1',
33 verbose parsed url   path: 'bower@1.3.1',
33 verbose parsed url   href: 'bower@1.3.1' }
34 verbose cache add name="bower" spec="1.3.1" args=["bower","1.3.1"]
35 verbose parsed url { protocol: null,
35 verbose parsed url   slashes: null,
35 verbose parsed url   auth: null,
35 verbose parsed url   host: null,
35 verbose parsed url   port: null,
35 verbose parsed url   hostname: null,
35 verbose parsed url   hash: null,
35 verbose parsed url   search: null,
35 verbose parsed url   query: null,
35 verbose parsed url   pathname: '1.3.1',
35 verbose parsed url   path: '1.3.1',
35 verbose parsed url   href: '1.3.1' }
36 verbose addNamed [ 'bower', '1.3.1' ]
37 verbose addNamed [ '1.3.1', '1.3.1' ]
38 silly lockFile 221209b2-bower-1-3-1 bower@1.3.1
39 verbose lock bower@1.3.1 /Users/tester/.npm/221209b2-bower-1-3-1.lock
40 verbose readDependencies using package.json deps
41 verbose cache add [ 'bower@0.3.2', null ]
42 verbose cache add name=undefined spec="bower@0.3.2" args=["bower@0.3.2",null]
43 verbose parsed url { protocol: null,
43 verbose parsed url   slashes: null,
43 verbose parsed url   auth: null,
43 verbose parsed url   host: null,
43 verbose parsed url   port: null,
43 verbose parsed url   hostname: null,
43 verbose parsed url   hash: null,
43 verbose parsed url   search: null,
43 verbose parsed url   query: null,
43 verbose parsed url   pathname: 'bower@0.3.2',
43 verbose parsed url   path: 'bower@0.3.2',
43 verbose parsed url   href: 'bower@0.3.2' }
44 verbose cache add name="bower" spec="0.3.2" args=["bower","0.3.2"]
45 verbose parsed url { protocol: null,
45 verbose parsed url   slashes: null,
45 verbose parsed url   auth: null,
45 verbose parsed url   host: null,
45 verbose parsed url   port: null,
45 verbose parsed url   hostname: null,
45 verbose parsed url   hash: null,
45 verbose parsed url   search: null,
45 verbose parsed url   query: null,
45 verbose parsed url   pathname: '0.3.2',
45 verbose parsed url   path: '0.3.2',
45 verbose parsed url   href: '0.3.2' }
46 verbose addNamed [ 'bower', '0.3.2' ]
47 verbose addNamed [ '0.3.2', '0.3.2' ]
48 silly lockFile dc6374eb-bower-0-3-2 bower@0.3.2
49 verbose lock bower@0.3.2 /Users/tester/.npm/dc6374eb-bower-0-3-2.lock
50 verbose url raw bower/1.3.1
51 verbose url resolving [ 'https://registry.npmjs.org/', './bower/1.3.1' ]
52 verbose url resolved https://registry.npmjs.org/bower/1.3.1
53 info trying registry request attempt 1 at 17:46:32
54 http GET https://registry.npmjs.org/bower/1.3.1
55 verbose url raw bower/0.3.2
56 verbose url resolving [ 'https://registry.npmjs.org/', './bower/0.3.2' ]
57 verbose url resolved https://registry.npmjs.org/bower/0.3.2
58 info trying registry request attempt 1 at 17:46:32
59 http GET https://registry.npmjs.org/bower/0.3.2
60 http 200 https://registry.npmjs.org/bower/1.3.1
61 silly registry.get cb [ 200,
61 silly registry.get   { date: 'Fri, 28 Mar 2014 09:46:32 GMT',
61 silly registry.get     server: 'CouchDB/1.5.0 (Erlang OTP/R14B04)',
61 silly registry.get     etag: '"3MTUOPEG2TUCN9DDUY7ZHC448"',
61 silly registry.get     'content-type': 'application/json',
61 silly registry.get     via: '1.1 varnish',
61 silly registry.get     'cache-control': 'max-age=1',
61 silly registry.get     'content-length': '2053',
61 silly registry.get     'accept-ranges': 'bytes',
61 silly registry.get     age: '0',
61 silly registry.get     'x-served-by': 'cache-v44-ASH, cache-ty66-TYO',
61 silly registry.get     'x-cache': 'MISS, MISS',
61 silly registry.get     'x-cache-hits': '0, 0',
61 silly registry.get     'x-timer': 'S1395999992.588794470,VS0,VS-788,VE-694,VE272',
61 silly registry.get     vary: 'Accept',
61 silly registry.get     'keep-alive': 'timeout=10, max=50',
61 silly registry.get     connection: 'Keep-Alive' } ]
62 http 200 https://registry.npmjs.org/bower/0.3.2
63 silly registry.get cb [ 200,
63 silly registry.get   { date: 'Fri, 28 Mar 2014 09:46:32 GMT',
63 silly registry.get     server: 'CouchDB/1.5.0 (Erlang OTP/R14B04)',
63 silly registry.get     etag: '"3MTUOPEG2TUCN9DDUY7ZHC448"',
63 silly registry.get     'content-type': 'application/json',
63 silly registry.get     via: '1.1 varnish',
63 silly registry.get     'cache-control': 'max-age=1',
63 silly registry.get     'content-length': '984',
63 silly registry.get     'accept-ranges': 'bytes',
63 silly registry.get     age: '0',
63 silly registry.get     'x-served-by': 'cache-v44-ASH, cache-ty68-TYO',
63 silly registry.get     'x-cache': 'MISS, MISS',
63 silly registry.get     'x-cache-hits': '0, 0',
63 silly registry.get     'x-timer': 'S1395999992.589461803,VS0,VS-788,VE-683,VE283',
63 silly registry.get     vary: 'Accept',
63 silly registry.get     'keep-alive': 'timeout=10, max=50',
63 silly registry.get     connection: 'Keep-Alive' } ]
64 silly lockFile 8735d580--npmjs-org-bower-bower-0-3-2-tgz https://registry.npmjs.org/bower/-/bower-0.3.2.tgz
65 verbose lock https://registry.npmjs.org/bower/-/bower-0.3.2.tgz /Users/tester/.npm/8735d580--npmjs-org-bower-bower-0-3-2-tgz.lock
66 verbose addRemoteTarball [ 'https://registry.npmjs.org/bower/-/bower-0.3.2.tgz',
66 verbose addRemoteTarball   '8553116cc03b3bf14e925125eee9b2bf355b67d5' ]
67 silly lockFile b6bc2c77--npmjs-org-bower-bower-1-3-1-tgz https://registry.npmjs.org/bower/-/bower-1.3.1.tgz
68 verbose lock https://registry.npmjs.org/bower/-/bower-1.3.1.tgz /Users/tester/.npm/b6bc2c77--npmjs-org-bower-bower-1-3-1-tgz.lock
69 verbose addRemoteTarball [ 'https://registry.npmjs.org/bower/-/bower-1.3.1.tgz',
69 verbose addRemoteTarball   '60d564e774be4e60631a159566830fce260e469a' ]
70 info retry fetch attempt 1 at 17:46:33
71 verbose fetch to= /var/folders/39/mz76b2sn26x5jgd1vgfwd4zc0000gp/T/npm-50621-pphW4Xgn/1395999993478-0.6888392984401435/tmp.tgz
72 info retry fetch attempt 1 at 17:46:33
73 verbose fetch to= /var/folders/39/mz76b2sn26x5jgd1vgfwd4zc0000gp/T/npm-50621-pphW4Xgn/1395999993477-0.3919580574147403/tmp.tgz
74 http GET https://registry.npmjs.org/bower/-/bower-1.3.1.tgz
75 http GET https://registry.npmjs.org/bower/-/bower-0.3.2.tgz
76 http 200 https://registry.npmjs.org/bower/-/bower-0.3.2.tgz
77 http 200 https://registry.npmjs.org/bower/-/bower-1.3.1.tgz
78 verbose tar unpack /var/folders/39/mz76b2sn26x5jgd1vgfwd4zc0000gp/T/npm-50621-pphW4Xgn/1395999993477-0.3919580574147403/tmp.tgz
79 silly lockFile f24709d9-93477-0-3919580574147403-package tar:///var/folders/39/mz76b2sn26x5jgd1vgfwd4zc0000gp/T/npm-50621-pphW4Xgn/1395999993477-0.3919580574147403/package
80 verbose lock tar:///var/folders/39/mz76b2sn26x5jgd1vgfwd4zc0000gp/T/npm-50621-pphW4Xgn/1395999993477-0.3919580574147403/package /Users/tester/.npm/f24709d9-93477-0-3919580574147403-package.lock
81 silly lockFile 6eef888a-93477-0-3919580574147403-tmp-tgz tar:///var/folders/39/mz76b2sn26x5jgd1vgfwd4zc0000gp/T/npm-50621-pphW4Xgn/1395999993477-0.3919580574147403/tmp.tgz
82 verbose lock tar:///var/folders/39/mz76b2sn26x5jgd1vgfwd4zc0000gp/T/npm-50621-pphW4Xgn/1395999993477-0.3919580574147403/tmp.tgz /Users/tester/.npm/6eef888a-93477-0-3919580574147403-tmp-tgz.lock
83 silly gunzTarPerm modes [ '755', '644' ]
84 silly gunzTarPerm extractEntry package.json
85 silly gunzTarPerm extractEntry .npmignore
86 silly gunzTarPerm extractEntry README.md
87 silly gunzTarPerm extractEntry LICENSE
88 silly gunzTarPerm extractEntry .travis.yml
89 silly gunzTarPerm extractEntry bin/bower
90 silly gunzTarPerm extractEntry lib/index.js
91 silly gunzTarPerm extractEntry lib/commands/cache-clean.js
92 silly gunzTarPerm extractEntry lib/commands/index.js
93 silly gunzTarPerm extractEntry lib/commands/info.js
94 silly gunzTarPerm extractEntry lib/commands/install.js
95 silly gunzTarPerm extractEntry lib/commands/help.js
96 silly gunzTarPerm extractEntry lib/commands/lookup.js
97 silly gunzTarPerm extractEntry lib/commands/register.js
98 silly gunzTarPerm extractEntry lib/commands/search.js
99 silly gunzTarPerm extractEntry lib/commands/uninstall.js
100 silly gunzTarPerm extractEntry lib/commands/update.js
101 silly gunzTarPerm extractEntry lib/commands/list.js
102 silly gunzTarPerm extractEntry lib/core/config.js
103 silly gunzTarPerm extractEntry lib/core/manager.js
104 silly gunzTarPerm extractEntry lib/core/package.js
105 silly gunzTarPerm extractEntry lib/core/source.js
106 silly gunzTarPerm extractEntry lib/core/unit_work.js
107 silly gunzTarPerm extractEntry lib/util/file-exists.js
108 silly gunzTarPerm extractEntry lib/util/hogan-colors.js
109 silly gunzTarPerm extractEntry lib/util/prune.js
110 silly gunzTarPerm extractEntry lib/util/read-json.js
111 silly gunzTarPerm extractEntry lib/util/save.js
112 silly gunzTarPerm extractEntry lib/util/template.js
113 silly gunzTarPerm extractEntry Makefile
114 silly gunzTarPerm extractEntry templates/help-update.mustache
115 silly gunzTarPerm extractEntry templates/action.mustache
116 silly gunzTarPerm extractEntry templates/error.mustache
117 silly gunzTarPerm extractEntry templates/help-cache-clean.mustache
118 silly gunzTarPerm extractEntry templates/help-info.mustache
119 silly gunzTarPerm extractEntry templates/help-install.mustache
120 silly gunzTarPerm extractEntry templates/help-list.mustache
121 silly gunzTarPerm extractEntry templates/help-lookup.mustache
122 silly gunzTarPerm extractEntry templates/help-register.mustache
123 silly gunzTarPerm extractEntry templates/help-search.mustache
124 silly gunzTarPerm extractEntry templates/help-uninstall.mustache
125 silly gunzTarPerm extractEntry templates/complete.mustache
126 silly gunzTarPerm extractEntry templates/help.mustache
127 silly gunzTarPerm extractEntry templates/info.mustache
128 silly gunzTarPerm extractEntry templates/lookup.mustache
129 silly gunzTarPerm extractEntry templates/register.mustache
130 silly gunzTarPerm extractEntry templates/search-empty.mustache
131 silly gunzTarPerm extractEntry templates/search.mustache
132 silly gunzTarPerm extractEntry templates/suggestions.mustache
133 silly gunzTarPerm extractEntry templates/tree-branch.mustache
134 silly gunzTarPerm extractEntry templates/warn.mustache
135 silly gunzTarPerm extractEntry templates/warning-missing.mustache
136 silly gunzTarPerm extractEntry templates/warning-uninstall.mustache
137 silly gunzTarPerm extractEntry test/cache-clean.js
138 silly gunzTarPerm extractEntry test/help.js
139 silly gunzTarPerm extractEntry test/info.js
140 silly gunzTarPerm extractEntry test/manager.js
141 silly gunzTarPerm extractEntry test/package.js
142 silly gunzTarPerm extractEntry test/assets/package-no-json/index.js
143 silly gunzTarPerm extractEntry test/assets/package-bootstrap/index.js
144 silly gunzTarPerm extractEntry test/assets/package-bootstrap/component.json
145 silly gunzTarPerm extractEntry test/assets/package-invalid-json/index.js
146 silly gunzTarPerm extractEntry test/assets/package-invalid-json/component.json
147 silly gunzTarPerm extractEntry test/assets/package-jquery/foo.js
148 silly gunzTarPerm extractEntry test/assets/package-jquery/index.js
149 silly gunzTarPerm extractEntry test/assets/package-jquery/component.json
150 silly gunzTarPerm extractEntry test/assets/package-jquery-copy/index.js
151 silly gunzTarPerm extractEntry test/assets/package-jquery-copy/component.json
152 silly gunzTarPerm extractEntry test/assets/package-deps-on-jquery/component.json
153 silly gunzTarPerm extractEntry test/assets/project/.npmignore
154 silly gunzTarPerm extractEntry test/assets/project/component.json
155 silly gunzTarPerm extractEntry test/assets/project-nested/component.json
156 silly gunzTarPerm extractEntry test/assets/project-nested-conflict/component.json
157 silly gunzTarPerm extractEntry test/assets/project-static/component.json
158 silly gunzTarPerm extractEntry test/assets/sprockets/.npmignore
159 silly gunzTarPerm extractEntry test/assets/sprockets/assets/application.js
160 silly gunzTarPerm extractEntry test/assets/sprockets/component.json
161 silly gunzTarPerm extractEntry test/assets/sprockets/Rakefile
162 silly lockFile f24709d9-93477-0-3919580574147403-package tar:///var/folders/39/mz76b2sn26x5jgd1vgfwd4zc0000gp/T/npm-50621-pphW4Xgn/1395999993477-0.3919580574147403/package
163 silly lockFile f24709d9-93477-0-3919580574147403-package tar:///var/folders/39/mz76b2sn26x5jgd1vgfwd4zc0000gp/T/npm-50621-pphW4Xgn/1395999993477-0.3919580574147403/package
164 silly lockFile 6eef888a-93477-0-3919580574147403-tmp-tgz tar:///var/folders/39/mz76b2sn26x5jgd1vgfwd4zc0000gp/T/npm-50621-pphW4Xgn/1395999993477-0.3919580574147403/tmp.tgz
165 silly lockFile 6eef888a-93477-0-3919580574147403-tmp-tgz tar:///var/folders/39/mz76b2sn26x5jgd1vgfwd4zc0000gp/T/npm-50621-pphW4Xgn/1395999993477-0.3919580574147403/tmp.tgz
166 verbose tar pack [ '/Users/tester/.npm/bower/0.3.2/package.tgz',
166 verbose tar pack   '/var/folders/39/mz76b2sn26x5jgd1vgfwd4zc0000gp/T/npm-50621-pphW4Xgn/1395999993477-0.3919580574147403/package' ]
167 verbose tarball /Users/tester/.npm/bower/0.3.2/package.tgz
168 verbose folder /var/folders/39/mz76b2sn26x5jgd1vgfwd4zc0000gp/T/npm-50621-pphW4Xgn/1395999993477-0.3919580574147403/package
169 silly lockFile f24709d9-93477-0-3919580574147403-package tar:///var/folders/39/mz76b2sn26x5jgd1vgfwd4zc0000gp/T/npm-50621-pphW4Xgn/1395999993477-0.3919580574147403/package
170 verbose lock tar:///var/folders/39/mz76b2sn26x5jgd1vgfwd4zc0000gp/T/npm-50621-pphW4Xgn/1395999993477-0.3919580574147403/package /Users/tester/.npm/f24709d9-93477-0-3919580574147403-package.lock
171 silly lockFile 553e22a7-ster-npm-bower-0-3-2-package-tgz tar:///Users/tester/.npm/bower/0.3.2/package.tgz
172 verbose lock tar:///Users/tester/.npm/bower/0.3.2/package.tgz /Users/tester/.npm/553e22a7-ster-npm-bower-0-3-2-package-tgz.lock
173 verbose tar unpack /var/folders/39/mz76b2sn26x5jgd1vgfwd4zc0000gp/T/npm-50621-pphW4Xgn/1395999993478-0.6888392984401435/tmp.tgz
174 silly lockFile fc7c11b6-93478-0-6888392984401435-package tar:///var/folders/39/mz76b2sn26x5jgd1vgfwd4zc0000gp/T/npm-50621-pphW4Xgn/1395999993478-0.6888392984401435/package
175 verbose lock tar:///var/folders/39/mz76b2sn26x5jgd1vgfwd4zc0000gp/T/npm-50621-pphW4Xgn/1395999993478-0.6888392984401435/package /Users/tester/.npm/fc7c11b6-93478-0-6888392984401435-package.lock
176 silly lockFile e4a9e2c1-93478-0-6888392984401435-tmp-tgz tar:///var/folders/39/mz76b2sn26x5jgd1vgfwd4zc0000gp/T/npm-50621-pphW4Xgn/1395999993478-0.6888392984401435/tmp.tgz
177 verbose lock tar:///var/folders/39/mz76b2sn26x5jgd1vgfwd4zc0000gp/T/npm-50621-pphW4Xgn/1395999993478-0.6888392984401435/tmp.tgz /Users/tester/.npm/e4a9e2c1-93478-0-6888392984401435-tmp-tgz.lock
178 silly gunzTarPerm modes [ '755', '644' ]
179 silly gunzTarPerm extractEntry package.json
180 silly gunzTarPerm extractEntry .npmignore
181 silly gunzTarPerm extractEntry README.md
182 silly gunzTarPerm extractEntry LICENSE
183 silly gunzTarPerm extractEntry Gruntfile.js
184 silly gunzTarPerm extractEntry HOOKS.md
185 silly gunzTarPerm extractEntry .editorconfig
186 silly gunzTarPerm extractEntry .jshintrc
187 silly gunzTarPerm extractEntry .travis.yml
188 silly gunzTarPerm extractEntry CHANGELOG.md
189 silly gunzTarPerm extractEntry bin/bower
190 silly gunzTarPerm extractEntry lib/config.js
191 silly gunzTarPerm extractEntry lib/index.js
192 silly gunzTarPerm extractEntry lib/commands/version.js
193 silly gunzTarPerm extractEntry lib/commands/info.js
194 silly gunzTarPerm extractEntry lib/commands/init.js
195 silly gunzTarPerm extractEntry lib/commands/install.js
196 silly gunzTarPerm extractEntry lib/commands/index.js
197 silly gunzTarPerm extractEntry lib/commands/list.js
198 silly gunzTarPerm extractEntry lib/commands/lookup.js
199 silly gunzTarPerm extractEntry lib/commands/prune.js
200 silly gunzTarPerm extractEntry lib/commands/register.js
201 silly gunzTarPerm extractEntry lib/commands/search.js
202 silly gunzTarPerm extractEntry lib/commands/home.js
203 silly gunzTarPerm extractEntry lib/commands/uninstall.js
204 silly gunzTarPerm extractEntry lib/commands/help.js
205 silly gunzTarPerm extractEntry lib/commands/update.js
206 silly gunzTarPerm extractEntry lib/commands/completion.js
207 silly gunzTarPerm extractEntry lib/commands/link.js
208 silly gunzTarPerm extractEntry lib/commands/cache/clean.js
209 silly gunzTarPerm extractEntry lib/commands/cache/index.js
210 silly gunzTarPerm extractEntry lib/commands/cache/list.js
211 silly gunzTarPerm extractEntry lib/core/Manager.js
212 silly gunzTarPerm extractEntry lib/core/PackageRepository.js
213 silly gunzTarPerm extractEntry lib/core/Project.js
214 silly gunzTarPerm extractEntry lib/core/ResolveCache.js
215 silly gunzTarPerm extractEntry lib/core/resolverFactory.js
216 silly gunzTarPerm extractEntry lib/core/scripts.js
217 silly gunzTarPerm extractEntry lib/core/resolvers/FsResolver.js
218 silly gunzTarPerm extractEntry lib/core/resolvers/GitFsResolver.js
219 silly gunzTarPerm extractEntry lib/core/resolvers/GitHubResolver.js
220 silly gunzTarPerm extractEntry lib/core/resolvers/GitRemoteResolver.js
221 silly gunzTarPerm extractEntry lib/core/resolvers/GitResolver.js
222 silly gunzTarPerm extractEntry lib/core/resolvers/Resolver.js
223 silly gunzTarPerm extractEntry lib/core/resolvers/SvnResolver.js
224 silly gunzTarPerm extractEntry lib/core/resolvers/UrlResolver.js
225 silly gunzTarPerm extractEntry lib/core/resolvers/index.js
226 silly gunzTarPerm extractEntry lib/renderers/JsonRenderer.js
227 silly gunzTarPerm extractEntry lib/renderers/StandardRenderer.js
228 silly gunzTarPerm extractEntry lib/renderers/index.js
229 silly gunzTarPerm extractEntry lib/util/analytics.js
230 silly gunzTarPerm extractEntry lib/util/createError.js
231 silly gunzTarPerm extractEntry lib/util/createLink.js
232 silly gunzTarPerm extractEntry lib/util/download.js
233 silly gunzTarPerm extractEntry lib/util/copy.js
234 silly gunzTarPerm extractEntry lib/util/md5.js
235 silly gunzTarPerm extractEntry lib/util/readJson.js
236 silly gunzTarPerm extractEntry lib/util/removeIgnores.js
237 silly gunzTarPerm extractEntry lib/util/rootCheck.js
238 silly gunzTarPerm extractEntry lib/util/semver.js
239 silly gunzTarPerm extractEntry lib/util/cmd.js
240 silly gunzTarPerm extractEntry lib/util/template.js
241 silly gunzTarPerm extractEntry lib/util/cli.js
242 silly gunzTarPerm extractEntry lib/util/validLink.js
243 silly lockFile f24709d9-93477-0-3919580574147403-package tar:///var/folders/39/mz76b2sn26x5jgd1vgfwd4zc0000gp/T/npm-50621-pphW4Xgn/1395999993477-0.3919580574147403/package
244 silly lockFile f24709d9-93477-0-3919580574147403-package tar:///var/folders/39/mz76b2sn26x5jgd1vgfwd4zc0000gp/T/npm-50621-pphW4Xgn/1395999993477-0.3919580574147403/package
245 silly lockFile 553e22a7-ster-npm-bower-0-3-2-package-tgz tar:///Users/tester/.npm/bower/0.3.2/package.tgz
246 silly lockFile 553e22a7-ster-npm-bower-0-3-2-package-tgz tar:///Users/tester/.npm/bower/0.3.2/package.tgz
247 silly lockFile 6e3607b4-s-tester-npm-bower-0-3-2-package /Users/tester/.npm/bower/0.3.2/package
248 verbose lock /Users/tester/.npm/bower/0.3.2/package /Users/tester/.npm/6e3607b4-s-tester-npm-bower-0-3-2-package.lock
249 silly gunzTarPerm extractEntry lib/util/extract.js
250 silly gunzTarPerm extractEntry CONTRIBUTING.md
251 silly gunzTarPerm extractEntry templates/helpers/colors.js
252 silly gunzTarPerm extractEntry templates/helpers/condense.js
253 silly lockFile 6e3607b4-s-tester-npm-bower-0-3-2-package /Users/tester/.npm/bower/0.3.2/package
254 silly lockFile 6e3607b4-s-tester-npm-bower-0-3-2-package /Users/tester/.npm/bower/0.3.2/package
255 verbose tar unpack /Users/tester/.npm/bower/0.3.2/package.tgz
256 silly lockFile 12a35ddc-s-tester-npm-bower-0-3-2-package tar:///Users/tester/.npm/bower/0.3.2/package
257 verbose lock tar:///Users/tester/.npm/bower/0.3.2/package /Users/tester/.npm/12a35ddc-s-tester-npm-bower-0-3-2-package.lock
258 silly lockFile 553e22a7-ster-npm-bower-0-3-2-package-tgz tar:///Users/tester/.npm/bower/0.3.2/package.tgz
259 verbose lock tar:///Users/tester/.npm/bower/0.3.2/package.tgz /Users/tester/.npm/553e22a7-ster-npm-bower-0-3-2-package-tgz.lock
260 silly gunzTarPerm modes [ '755', '644' ]
261 silly gunzTarPerm extractEntry package.json
262 silly gunzTarPerm extractEntry .npmignore
263 silly gunzTarPerm extractEntry README.md
264 silly gunzTarPerm extractEntry LICENSE
265 silly gunzTarPerm extractEntry .travis.yml
266 silly gunzTarPerm extractEntry Makefile
267 silly gunzTarPerm extractEntry templates/helpers/indent.js
268 silly gunzTarPerm extractEntry templates/helpers/index.js
269 silly gunzTarPerm extractEntry bin/bower
270 silly gunzTarPerm extractEntry lib/index.js
271 silly gunzTarPerm extractEntry lib/commands/cache-clean.js
272 silly gunzTarPerm extractEntry lib/commands/index.js
273 silly gunzTarPerm extractEntry templates/helpers/rpad.js
274 silly gunzTarPerm extractEntry templates/helpers/sum.js
275 silly gunzTarPerm extractEntry lib/commands/info.js
276 silly gunzTarPerm extractEntry lib/commands/install.js
277 silly gunzTarPerm extractEntry lib/commands/help.js
278 silly gunzTarPerm extractEntry lib/commands/lookup.js
279 silly gunzTarPerm extractEntry templates/json/help-lookup.json
280 silly gunzTarPerm extractEntry templates/json/help-cache/clean.json
281 silly gunzTarPerm extractEntry lib/commands/register.js
282 silly gunzTarPerm extractEntry lib/commands/search.js
283 silly gunzTarPerm extractEntry templates/json/help-cache/list.json
284 silly gunzTarPerm extractEntry templates/json/help-home.json
285 silly gunzTarPerm extractEntry lib/commands/uninstall.js
286 silly gunzTarPerm extractEntry lib/commands/update.js
287 silly gunzTarPerm extractEntry templates/json/help-info.json
288 silly gunzTarPerm extractEntry templates/json/help-init.json
289 silly gunzTarPerm extractEntry lib/commands/list.js
290 silly gunzTarPerm extractEntry lib/core/config.js
291 silly gunzTarPerm extractEntry lib/core/manager.js
292 silly gunzTarPerm extractEntry lib/core/package.js
293 silly gunzTarPerm extractEntry templates/json/help-install.json
294 silly gunzTarPerm extractEntry templates/json/help-link.json
295 silly gunzTarPerm extractEntry lib/core/source.js
296 silly gunzTarPerm extractEntry lib/core/unit_work.js
297 silly gunzTarPerm extractEntry templates/json/help-list.json
298 silly gunzTarPerm extractEntry templates/json/help-cache.json
299 silly gunzTarPerm extractEntry lib/util/file-exists.js
300 silly gunzTarPerm extractEntry lib/util/hogan-colors.js
301 silly gunzTarPerm extractEntry lib/util/prune.js
302 silly gunzTarPerm extractEntry lib/util/read-json.js
303 silly gunzTarPerm extractEntry templates/json/help-prune.json
304 silly gunzTarPerm extractEntry templates/json/help-register.json
305 silly gunzTarPerm extractEntry lib/util/save.js
306 silly gunzTarPerm extractEntry lib/util/template.js
307 silly gunzTarPerm extractEntry templates/help-update.mustache
308 silly gunzTarPerm extractEntry templates/action.mustache
309 silly gunzTarPerm extractEntry templates/error.mustache
310 silly gunzTarPerm extractEntry templates/help-cache-clean.mustache
311 silly gunzTarPerm extractEntry templates/json/help-search.json
312 silly gunzTarPerm extractEntry templates/json/help-uninstall.json
313 silly gunzTarPerm extractEntry templates/help-info.mustache
314 silly gunzTarPerm extractEntry templates/help-install.mustache
315 silly gunzTarPerm extractEntry templates/json/help-update.json
316 silly gunzTarPerm extractEntry templates/json/help-version.json
317 silly gunzTarPerm extractEntry templates/help-list.mustache
318 silly gunzTarPerm extractEntry templates/help-lookup.mustache
319 silly gunzTarPerm extractEntry templates/help-register.mustache
320 silly gunzTarPerm extractEntry templates/help-search.mustache
321 silly gunzTarPerm extractEntry templates/json/help.json
322 silly gunzTarPerm extractEntry templates/std/conflict-resolved.std
323 silly gunzTarPerm extractEntry templates/help-uninstall.mustache
324 silly gunzTarPerm extractEntry templates/complete.mustache
325 silly gunzTarPerm extractEntry templates/help.mustache
326 silly gunzTarPerm extractEntry templates/info.mustache
327 silly gunzTarPerm extractEntry templates/std/conflict.std
328 silly gunzTarPerm extractEntry templates/std/help-cache.std
329 silly gunzTarPerm extractEntry templates/std/help-generic.std
330 silly gunzTarPerm extractEntry templates/std/help.std
331 silly gunzTarPerm extractEntry templates/std/info.std
332 silly gunzTarPerm extractEntry templates/std/lookup.std
333 silly gunzTarPerm extractEntry templates/lookup.mustache
334 silly gunzTarPerm extractEntry templates/register.mustache
335 silly gunzTarPerm extractEntry templates/search-empty.mustache
336 silly gunzTarPerm extractEntry templates/search.mustache
337 silly gunzTarPerm extractEntry templates/std/register.std
338 silly gunzTarPerm extractEntry templates/std/search-results.std
339 silly gunzTarPerm extractEntry templates/suggestions.mustache
340 silly gunzTarPerm extractEntry templates/tree-branch.mustache
341 silly gunzTarPerm extractEntry templates/std/update-notice.std
342 silly gunzTarPerm extractEntry test/packages-svn.js
343 silly gunzTarPerm extractEntry templates/warn.mustache
344 silly gunzTarPerm extractEntry templates/warning-missing.mustache
345 silly gunzTarPerm extractEntry test/packages.js
346 silly gunzTarPerm extractEntry test/test.js
347 silly gunzTarPerm extractEntry templates/warning-uninstall.mustache
348 silly gunzTarPerm extractEntry test/cache-clean.js
349 silly gunzTarPerm extractEntry test/assets/package-tar.tar.gz
350 silly gunzTarPerm extractEntry test/assets/package-zip-folder-single-file.zip
351 silly gunzTarPerm extractEntry test/help.js
352 silly gunzTarPerm extractEntry test/info.js
353 silly gunzTarPerm extractEntry test/assets/package-zip-folder.zip
354 silly gunzTarPerm extractEntry test/assets/package-zip-single-bower-json.zip
355 silly gunzTarPerm extractEntry test/manager.js
356 silly gunzTarPerm extractEntry test/package.js
357 silly gunzTarPerm extractEntry test/assets/package-zip-single-component-json.zip
358 silly gunzTarPerm extractEntry test/assets/package-zip-single-file.zip
359 silly gunzTarPerm extractEntry test/assets/package-no-json/index.js
360 silly gunzTarPerm extractEntry test/assets/package-bootstrap/index.js
361 silly gunzTarPerm extractEntry test/assets/package-bootstrap/component.json
362 silly gunzTarPerm extractEntry test/assets/package-invalid-json/index.js
363 silly gunzTarPerm extractEntry test/assets/package-zip.zip
364 silly gunzTarPerm extractEntry test/assets/resolve-cache/list-json-1.json
365 silly gunzTarPerm extractEntry test/assets/package-invalid-json/component.json
366 silly gunzTarPerm extractEntry test/assets/package-jquery/foo.js
367 silly gunzTarPerm extractEntry test/assets/test-temp-dir/test-exception.js
368 silly gunzTarPerm extractEntry test/assets/test-temp-dir/test.js
369 silly gunzTarPerm extractEntry test/assets/package-jquery/index.js
370 silly gunzTarPerm extractEntry test/assets/package-jquery/component.json
371 silly gunzTarPerm extractEntry test/core/packageRepository.js
372 silly gunzTarPerm extractEntry test/core/resolveCache.js
373 silly gunzTarPerm extractEntry test/assets/package-jquery-copy/index.js
374 silly gunzTarPerm extractEntry test/assets/package-jquery-copy/component.json
375 silly gunzTarPerm extractEntry test/core/resolverFactory.js
376 silly gunzTarPerm extractEntry test/core/scripts.js
377 silly gunzTarPerm extractEntry test/assets/package-deps-on-jquery/component.json
378 silly gunzTarPerm extractEntry test/assets/project/.npmignore
379 silly gunzTarPerm extractEntry test/core/resolvers/fsResolver.js
380 silly gunzTarPerm extractEntry test/core/resolvers/gitFsResolver.js
381 silly gunzTarPerm extractEntry test/assets/project/component.json
382 silly gunzTarPerm extractEntry test/assets/project-nested/component.json
383 silly gunzTarPerm extractEntry test/core/resolvers/gitHubResolver.js
384 silly gunzTarPerm extractEntry test/core/resolvers/gitRemoteResolver.js
385 silly gunzTarPerm extractEntry test/assets/project-nested-conflict/component.json
386 silly gunzTarPerm extractEntry test/assets/project-static/component.json
387 silly gunzTarPerm extractEntry test/assets/sprockets/.npmignore
388 silly gunzTarPerm extractEntry test/assets/sprockets/Rakefile
389 silly gunzTarPerm extractEntry test/core/resolvers/gitResolver.js
390 silly gunzTarPerm extractEntry test/core/resolvers/resolver.js
391 silly gunzTarPerm extractEntry test/assets/sprockets/assets/application.js
392 silly gunzTarPerm extractEntry test/assets/sprockets/component.json
393 silly gunzTarPerm extractEntry test/core/resolvers/svnResolver.js
394 silly gunzTarPerm extractEntry test/core/resolvers/urlResolver.js
395 silly gunzTarPerm extractEntry test/packages-svn.json
396 silly gunzTarPerm extractEntry test/packages.json
397 silly lockFile 12a35ddc-s-tester-npm-bower-0-3-2-package tar:///Users/tester/.npm/bower/0.3.2/package
398 silly lockFile 12a35ddc-s-tester-npm-bower-0-3-2-package tar:///Users/tester/.npm/bower/0.3.2/package
399 silly lockFile 553e22a7-ster-npm-bower-0-3-2-package-tgz tar:///Users/tester/.npm/bower/0.3.2/package.tgz
400 silly lockFile 553e22a7-ster-npm-bower-0-3-2-package-tgz tar:///Users/tester/.npm/bower/0.3.2/package.tgz
401 verbose chmod /Users/tester/.npm/bower/0.3.2/package.tgz 644
402 verbose chown /Users/tester/.npm/bower/0.3.2/package.tgz [ 502, 20 ]
403 silly lockFile 8735d580--npmjs-org-bower-bower-0-3-2-tgz https://registry.npmjs.org/bower/-/bower-0.3.2.tgz
404 silly lockFile 8735d580--npmjs-org-bower-bower-0-3-2-tgz https://registry.npmjs.org/bower/-/bower-0.3.2.tgz
405 silly lockFile dc6374eb-bower-0-3-2 bower@0.3.2
406 silly lockFile dc6374eb-bower-0-3-2 bower@0.3.2
407 silly resolved [ { name: 'bower',
407 silly resolved     description: 'The browser package manager.',
407 silly resolved     version: '0.3.2',
407 silly resolved     author: { name: 'Twitter' },
407 silly resolved     licenses: [ [Object] ],
407 silly resolved     main: 'lib',
407 silly resolved     homepage: 'http://twitter.github.com/bower',
407 silly resolved     engines: { node: '>=0.8.0' },
407 silly resolved     dependencies:
407 silly resolved      { tmp: '~0.0.15',
407 silly resolved        vows: '~0.6.4',
407 silly resolved        glob: '~3.1.14',
407 silly resolved        nopt: '~2.0.0',
407 silly resolved        archy: '~0.0.2',
407 silly resolved        async: '~0.1.22',
407 silly resolved        colors: '~0.6.0-1',
407 silly resolved        rimraf: '~2.0.2',
407 silly resolved        mkdirp: '~0.3.4',
407 silly resolved        semver: '~1.1.0',
407 silly resolved        request: '~2.11.4',
407 silly resolved        fstream: '~0.1.19',
407 silly resolved        'hogan.js': '~2.0.0',
407 silly resolved        lodash: '~0.9.1',
407 silly resolved        'read-package-json': '~0.1.8',
407 silly resolved        stable: '~0.1.2',
407 silly resolved        rc: '~0.0.6' },
407 silly resolved     scripts: { test: 'mocha -R spec -t 20000' },
407 silly resolved     devDependencies: { mocha: '~1.6.0', nock: '~0.13.5' },
407 silly resolved     bin: { bower: 'bin/bower' },
407 silly resolved     preferGlobal: true,
407 silly resolved     readme: 'BOWER [![Build Status](https://secure.travis-ci.org/twitter/bower.png)](http://travis-ci.org/twitter/bower)\n=====\n\n### Introduction\n\nBower is a package manager for the web. Bower lets you easily install assets such as images, CSS and JavaScript, and manages dependencies for you.\n\nFor example, to install a package, run:\n\n    bower install jquery\n\nThis will download jQuery to `./components/jquery`. That\'s it. The idea is that Bower does package management and package management only.\n\n### Installing Bower\n\nBower is installed using [Node](http://nodejs.org/) and [npm](http://npmjs.org/) (oh my, how meta).\n\n    npm install bower -g\n\n### Usage\n\nYour best friend at this stage is probably `bower --help`.\n\nTo install a package:\n\n    bower install jquery\n    bower install git://github.com/maccman/package-jquery.git\n    bower install http://code.jquery.com/jquery-1.7.2.js\n    bower install ./repos/jquery\n\nAs you can see, packages can be installed by name, Git endpoint, URL or local path.\n\n[View all packages available through Bower\'s registry](http://sindresorhus.com/bower-components/).\n\nDuring install you can have Bower add an entry to your component.json as well:\n\n    bower install --save jquery\n\nTo update a package, reference it by name:\n\n    bower update jquery-ui\n\nTo list installed packages:\n\n    bower list\n\nTo search for packages:\n\n    bower search [name]\n\nTo list all the available packages, just call `bower search` without specifying a name.\n\nTo clean the cache:\n\n    bower cache-clean [name]\n\nSeveral packages can be cleaned at the same time.\nTo clean the entire cache, just call `bower cache-clean` without any names.\nAlso, both the install and update commands have a `--force` flag that tells bower to bypass the cache and always fetch remote sources.\n\nYou can disable colors by using the `--no-color` flag.\n\n### Bower Configuration\n\nBower can be configured by creating a .bowerrc file in your home folder (usually ~/bowerrc) with one or all of the following configuration parameters. You can also configure Bower on a per-project basis by creating a .bowerrc file in the project directory, Bower will merge this configuration with the configuration found in your home directory. This allows you to version your project specific Bower configuration with the rest of your code base.\n\n```json\n{\n  "directory" : "components",\n  "json"      : "component.json",\n  "endpoint"  : "https://bower.herokuapp.com"\n}\n```\n\nTo run your own Bower Endpoint for custom components/packages that are behind a firewall you can use a simple implementation of bower server at https://github.com/twitter/bower-server.\n\n\n### Defining a package\n\nYou can create a `component.json` file in your project\'s root, specifying all of its dependencies. This is similar to Node\'s `package.json`, or Ruby\'s `Gemfile`, and is useful for locking down a project\'s dependencies.\n\n```json\n{\n  "name": "myProject",\n  "version": "1.0.0",\n  "main": "./path/to/main.css",\n  "dependencies": {\n    "jquery": "~1.7.2"\n  }\n}\n```\n\nPut this under your project\'s root, listing all of your dependencies. When you run `bower install`, Bower will read this `component.json` file, resolve all the relevant dependencies and install them.\n\nFor now, `name`, `version`, `main`, and `dependencies` are the only properties that are used by Bower. If you have several files you\'re distributing as part of your package, pass an array to `main` like this:\n\n```json\n{\n  "name": "myProject",\n  "version": "1.0.0",\n  "main": ["./path/to/app.css", "./path/to/app.js", "./path/to/sprite.img"],\n  "dependencies": {\n    "jquery": "~1.7.2"\n  }\n}\n```\n\nThere should only be at most one file per file type in the `main` list. So only one `.js` or `.css`.\n\n### Installing dependencies\n\nDependencies are installed locally via the `bower install` command. First they’re resolved to find conflicts. Then they’re downloaded and unpacked in a local subdirectory called `./components`, for example:\n\n\n```\n/component.json\n/components/jquery/index.js\n/components/jquery/component.json\n```\n\nYou can also install packages one at a time `bower install git://my/git/thing`\n\nThere are no system wide dependencies, no dependencies are shared between different apps, and the dependency tree is flat.\n\n### Deploying\n\nThe easiest approach is to use Bower statically, just reference the packages manually from a script tag:\n\n    <script src="components/jquery/index.js"></script>\n\nFor more complex projects, you\'ll probably want to concatenate your scripts. Bower is just a package manager, but there are lots of awesome libraries out there to help you do this, such as [Sprockets](https://github.com/sstephenson/sprockets) and [RequireJS](http://requirejs.org/).\n\nFor example, to use Sprockets:\n\n```ruby\nenvironment = Sprockets::Environment.new\nenvironment.append_path \'components\'\nenvironment.append_path \'public\'\nrun environment\n```\n\n### Package Consumption\n\nBower also makes available a source mapping – this can be used by build tools to easily consume Bower components.\n\nIf you pass the option `--map` to bower\'s `list` command, it will generate a JSON with dependency objects. Alternatively, you can pass the `--paths` flag to the `list` command to get a simple path to name mapping:\n\n```json\n{\n  "backbone": "components/backbone/index.js",\n  "jquery": "components/jquery/index.js",\n  "underscore": "components/underscore/index.js"\n}\n```\n\n### Authoring packages\n\nTo register a new package, it\'s as simple as specifying a `component.json`, pushing the package to a Git endpoint, say GitHub, and running:\n\n    bower register myawesomepackagename git://github.com/maccmans/face\n\nThere\'s no authentication or user management. It\'s on a first come, first served basis. Think of it like a URL shortener. Now anyone can run `bower install myawesomepackagename`, and get your library installed.\n\nThere is no direct way to unregister a package yet. Meanwhile you can request it [here](https://github.com/twitter/bower/issues/120).\n\n### Philosophy\n\nCurrently, people are managing dependencies, such as JavaScript libraries, manually. This sucks, and we want to change it.\n\nIn a nutshell, Bower is a generic tool which will resolve dependencies and lock packages down to a version. It runs over Git, and is package-agnostic. A package may contain JavaScript, CSS, images, etc., and doesn\'t rely on any particular transport (AMD, CommonJS, etc.).\n\nBower then makes available a simple programmatic API which exposes the package dependency model, so that existing build tools (like Sprockets, LoadBuilder, curls.js, Ender, etc.) can consume it and build files accordingly.\n\n\n### Programmatic API\n\nBower provides a pretty powerful programmatic api. All commands can be accessed through the `bower.commands` object.\n\n```js\nvar bower = require(\'bower\');\n\nbower.commands\n  .install(paths, options)\n  .on(\'end\', function (data) {\n    data && console.log(data);\n  });\n```\n\nAll commands emit three types of events: `data`, `end`, and `error`.\n\nFor a better of idea how this works, you may want to check out [our bin file](https://github.com/twitter/bower/blob/master/bin/bower).\n\n### FAQ\n\n**What distinguishes Bower from Jam, Volo, Component, or Ender? What does it do better?**\n\nBower is a lower level component than Jam, Volo, Component, or Ender. These managers could consume Bower as a dependency.\n\nBower\'s aim is simply to install Git paths, resolve dependencies from a `component.json`, check versions, and then provide an API which reports on these things. Nothing more. This is a major diversion from past attempts at browser package management.\n\nBower is working under the assumption that there is a single, common problem in frontend application development: dependency resolution. Past attempts (Jam, Volo, Ender, Component) try to tackle this problem in such a way that they actually end up alienating and further segregating the JavaScript community around transports (Sprockets, CommonJS, RequireJS, regular script tags).\n\nBower offers a generic, unopinionated solution to the problem of package management, while exposing an API that can be consumed by a more opinionated build stack.\n\n\n**Volo is an arguably more established project and works with the GitHub search API. Will it take long for Bower to contain a decent number of packages?**\n\nBower (being a Git powered package manager) should, in theory, be capable of consuming every package that Volo does, with the additional benefit of supporting internal networks and other Git repositories not hosted on GitHub.\n\n**We recently saw what happened when the main NPM registry went down. Is a single point of failure possible for Bower and if so, do you have redundancy planned?**\n\nThere\'s no redundancy planned at the moment, as Bower just installs Git URLs. It\'s up to the URL provider to establish redundancy.\n\n**Isn\'t having a `package.json` file going to conflict with my npm\'s `package.json`? Will this be a problem?**\n\nDon\'t use a `package.json` – use a `component.json`.\n\n**Bower is an open-source Twitter project. How well can we expect it to be maintained in the future?**\n\nTwitter is in the process of migrating its frontend architecture onto Bower, so it\'s fairly safe to say it will be maintained and invested in going forward.\n\n\n### Contact\n\nHave a question? Ask on our mailing list!\n\ntwitter-bower@googlegroups.com\n\nhttp://groups.google.com/group/twitter-bower\n\n### Authors\n\n+ [@fat](http://github.com/fat)\n+ [@maccman](http://github.com/maccman)\n+ [@satazor](http://github.com/satazor)\n\nThanks for assistance and contributions:\n\n+ [@addyosmani](http://github.com/addyosmani)\n+ [@angus-c](http://github.com/angus-c)\n+ [@borismus](http://github.com/borismus)\n+ [@chriseppstein](http://github.com/chriseppstein)\n+ [@danwrong](http://github.com/danwrong)\n+ [@desandro](http://github.com/desandro)\n+ [@isaacs](http://github.com/isaacs)\n+ [@josh](http://github.com/josh)\n+ [@jrburke](http://github.com/jrburke)\n+ [@mklabs](http://github.com/mklabs)\n+ [@paulirish](http://github.com/paulirish)\n+ [@rvagg](http://github.com/rvagg)\n+ [@sindresorhus](http://github.com/sindresorhus)\n+ [@SlexAxton](http://github.com/SlexAxton)\n+ [@sstephenson](http://github.com/sstephenson)\n+ [@tomdale](http://github.com/tomdale)\n+ [@visionmedia](http://github.com/visionmedia)\n+ [@wagenet](http://github.com/wagenet)\n+ [@wycats](http://github.com/wycats)\n\n## License\n\nCopyright 2012 Twitter, Inc.\n\nLicensed under the MIT License\n',
407 silly resolved     readmeFilename: 'README.md',
407 silly resolved     _id: 'bower@0.3.2',
407 silly resolved     dist: { shasum: '547b5adef3be1820eb0f3f5fd630ed79a9fe52d1' },
407 silly resolved     _from: 'bower@0.3.2',
407 silly resolved     _resolved: 'https://registry.npmjs.org/bower/-/bower-0.3.2.tgz' } ]
408 info install bower@0.3.2 into /usr/local/lib/node_modules/yeoman
409 info installOne bower@0.3.2
410 info /usr/local/lib/node_modules/yeoman/node_modules/bower unbuild
411 info preuninstall bower@0.3.2
412 info uninstall bower@0.3.2
413 verbose false,/usr/local/lib/node_modules,/usr/local/lib/node_modules/yeoman/node_modules unbuild bower@0.3.2
414 verbose /usr/local/lib/node_modules/yeoman/node_modules/.bin,[object Object] binRoot
415 info /usr/local/lib/node_modules/yeoman/node_modules/bower unbuild
416 info preuninstall bower@0.3.2
417 info uninstall bower@0.3.2
418 verbose false,/usr/local/lib/node_modules,/usr/local/lib/node_modules/yeoman/node_modules unbuild bower@0.3.2
419 verbose /usr/local/lib/node_modules/yeoman/node_modules/.bin,[object Object] binRoot
420 error error rolling back Error: EACCES, unlink '/usr/local/lib/node_modules/yeoman/node_modules/.bin/bower'
420 error error rolling back  bower@0.3.2 { [Error: EACCES, unlink '/usr/local/lib/node_modules/yeoman/node_modules/.bin/bower']
420 error error rolling back   errno: 3,
420 error error rolling back   code: 'EACCES',
420 error error rolling back   path: '/usr/local/lib/node_modules/yeoman/node_modules/.bin/bower' }
421 error Error: EACCES, unlink '/usr/local/lib/node_modules/yeoman/node_modules/.bin/bower'
421 error  { [Error: EACCES, unlink '/usr/local/lib/node_modules/yeoman/node_modules/.bin/bower']
421 error   errno: 3,
421 error   code: 'EACCES',
421 error   path: '/usr/local/lib/node_modules/yeoman/node_modules/.bin/bower' }
422 error Please try running this command again as root/Administrator.
423 error System Darwin 13.1.0
424 error command "node" "/usr/local/bin/npm" "update" "-g" "bower"
425 error cwd /Users/tester/Desktop/code/bootstrap-form
426 error node -v v0.10.26
427 error npm -v 1.4.3
428 error path /usr/local/lib/node_modules/yeoman/node_modules/.bin/bower
429 error code EACCES
430 error errno 3
431 error stack Error: EACCES, unlink '/usr/local/lib/node_modules/yeoman/node_modules/.bin/bower'
432 verbose exit [ 3, true ]
